11:21:26.939 [INFO ] log number 1 - bel.log4j.bug.Starter.call (null:-1)
11:21:26.959 [WARN ] started App.main() - bel.log4j.bug.App.call (null:-1)
11:21:27.011 [FATAL] SomeServiceClassJava.doLogging() - bel.log4j.bug.SomeServiceClassJava.doLogging (SomeServiceClassJava.java:9)
11:21:27.018 [ERROR] SomeServiceClassGroovy.doLogging() - bel.log4j.bug.SomeServiceClassGroovy.call (null:-1)
11:21:27.018 [WARN ] SomeServiceClassGroovy.doLogging() - bel.log4j.bug.SomeServiceClassGroovy.call (null:-1)
11:21:27.019 [INFO ] SomeServiceClassGroovy.doLogging() - bel.log4j.bug.SomeServiceClassGroovy.call (null:-1)
11:21:27.019 [DEBUG] SomeServiceClassGroovy.doLogging() - bel.log4j.bug.SomeServiceClassGroovy.call (null:-1)
11:21:27.032 [FATAL] fatal - bel.log4j.bug.App.call (null:-1)
11:21:27.032 [ERROR] error - bel.log4j.bug.App.call (null:-1)
11:21:27.032 [WARN ] warn - bel.log4j.bug.App.call (null:-1)
11:21:27.033 [INFO ] info - bel.log4j.bug.App.call (null:-1)
11:21:27.033 [DEBUG] debug - bel.log4j.bug.App.call (null:-1)
11:21:27.035 [TRACE] trace - bel.log4j.bug.App.call (null:-1)
11:21:27.037 [TRACE] trace with MARKER - bel.log4j.bug.App.call (null:-1)
11:21:27.037 [INFO ] finished App.main() - bel.log4j.bug.App.call (null:-1)
11:21:28.059 [INFO ] log number 2 - bel.log4j.bug.Starter.call (null:-1)
11:21:28.061 [WARN ] started App.main() - bel.log4j.bug.App.call (null:-1)
11:21:28.063 [FATAL] SomeServiceClassJava.doLogging() - bel.log4j.bug.SomeServiceClassJava.doLogging (SomeServiceClassJava.java:9)
11:21:28.064 [ERROR] SomeServiceClassGroovy.doLogging() - bel.log4j.bug.SomeServiceClassGroovy.call (null:-1)
11:21:28.069 [WARN ] SomeServiceClassGroovy.doLogging() - bel.log4j.bug.SomeServiceClassGroovy.call (null:-1)
11:21:28.070 [INFO ] SomeServiceClassGroovy.doLogging() - bel.log4j.bug.SomeServiceClassGroovy.call (null:-1)
11:21:28.070 [DEBUG] SomeServiceClassGroovy.doLogging() - bel.log4j.bug.SomeServiceClassGroovy.call (null:-1)
11:21:28.071 [FATAL] fatal - bel.log4j.bug.App.call (null:-1)
11:21:28.071 [ERROR] error - bel.log4j.bug.App.call (null:-1)
11:21:28.071 [WARN ] warn - bel.log4j.bug.App.call (null:-1)
11:21:28.071 [INFO ] info - bel.log4j.bug.App.call (null:-1)
11:21:28.072 [DEBUG] debug - bel.log4j.bug.App.call (null:-1)
11:21:28.072 [TRACE] trace - bel.log4j.bug.App.call (null:-1)
11:21:28.074 [TRACE] trace with MARKER - bel.log4j.bug.App.call (null:-1)
11:21:28.075 [INFO ] finished App.main() - bel.log4j.bug.App.call (null:-1)
11:21:29.082 [INFO ] log number 3 - bel.log4j.bug.Starter.call (null:-1)
11:21:29.084 [WARN ] started App.main() - bel.log4j.bug.App.call (null:-1)
11:21:29.084 [FATAL] SomeServiceClassJava.doLogging() - bel.log4j.bug.SomeServiceClassJava.doLogging (SomeServiceClassJava.java:9)
11:21:29.085 [ERROR] SomeServiceClassGroovy.doLogging() - bel.log4j.bug.SomeServiceClassGroovy.call (null:-1)
11:21:29.085 [WARN ] SomeServiceClassGroovy.doLogging() - bel.log4j.bug.SomeServiceClassGroovy.call (null:-1)
11:21:29.085 [INFO ] SomeServiceClassGroovy.doLogging() - bel.log4j.bug.SomeServiceClassGroovy.call (null:-1)
11:21:29.086 [DEBUG] SomeServiceClassGroovy.doLogging() - bel.log4j.bug.SomeServiceClassGroovy.call (null:-1)
11:21:29.086 [FATAL] fatal - bel.log4j.bug.App.call (null:-1)
11:21:29.086 [ERROR] error - bel.log4j.bug.App.call (null:-1)
11:21:29.087 [WARN ] warn - bel.log4j.bug.App.call (null:-1)
11:21:29.087 [INFO ] info - bel.log4j.bug.App.call (null:-1)
11:21:29.087 [DEBUG] debug - bel.log4j.bug.App.call (null:-1)
11:21:29.087 [TRACE] trace - bel.log4j.bug.App.call (null:-1)
11:21:29.087 [TRACE] trace with MARKER - bel.log4j.bug.App.call (null:-1)
11:21:29.087 [INFO ] finished App.main() - bel.log4j.bug.App.call (null:-1)
11:21:30.093 [INFO ] log number 4 - bel.log4j.bug.Starter.call (null:-1)
11:21:30.095 [WARN ] started App.main() - bel.log4j.bug.App.call (null:-1)
11:21:30.096 [FATAL] SomeServiceClassJava.doLogging() - bel.log4j.bug.SomeServiceClassJava.doLogging (SomeServiceClassJava.java:9)
11:21:30.096 [ERROR] SomeServiceClassGroovy.doLogging() - bel.log4j.bug.SomeServiceClassGroovy.call (null:-1)
11:21:30.097 [WARN ] SomeServiceClassGroovy.doLogging() - bel.log4j.bug.SomeServiceClassGroovy.call (null:-1)
11:21:30.097 [INFO ] SomeServiceClassGroovy.doLogging() - bel.log4j.bug.SomeServiceClassGroovy.call (null:-1)
11:21:30.097 [DEBUG] SomeServiceClassGroovy.doLogging() - bel.log4j.bug.SomeServiceClassGroovy.call (null:-1)
11:21:30.098 [FATAL] fatal - bel.log4j.bug.App.call (null:-1)
11:21:30.098 [ERROR] error - bel.log4j.bug.App.call (null:-1)
11:21:30.099 [WARN ] warn - bel.log4j.bug.App.call (null:-1)
11:21:30.099 [INFO ] info - bel.log4j.bug.App.call (null:-1)
11:21:30.100 [DEBUG] debug - bel.log4j.bug.App.call (null:-1)
11:21:30.101 [TRACE] trace - bel.log4j.bug.App.call (null:-1)
11:21:30.102 [TRACE] trace with MARKER - bel.log4j.bug.App.call (null:-1)
11:21:30.102 [INFO ] finished App.main() - bel.log4j.bug.App.call (null:-1)
11:21:31.115 [INFO ] log number 5 - bel.log4j.bug.Starter.call (null:-1)
11:21:31.119 [WARN ] started App.main() - bel.log4j.bug.App.call (null:-1)
11:21:31.121 [FATAL] SomeServiceClassJava.doLogging() - bel.log4j.bug.SomeServiceClassJava.doLogging (SomeServiceClassJava.java:9)
11:21:31.122 [ERROR] SomeServiceClassGroovy.doLogging() - bel.log4j.bug.SomeServiceClassGroovy.call (null:-1)
11:21:31.123 [WARN ] SomeServiceClassGroovy.doLogging() - bel.log4j.bug.SomeServiceClassGroovy.call (null:-1)
11:21:31.124 [INFO ] SomeServiceClassGroovy.doLogging() - bel.log4j.bug.SomeServiceClassGroovy.call (null:-1)
11:21:31.125 [DEBUG] SomeServiceClassGroovy.doLogging() - bel.log4j.bug.SomeServiceClassGroovy.call (null:-1)
11:21:31.125 [FATAL] fatal - bel.log4j.bug.App.call (null:-1)
11:21:31.126 [ERROR] error - bel.log4j.bug.App.call (null:-1)
11:21:31.126 [WARN ] warn - bel.log4j.bug.App.call (null:-1)
11:21:31.126 [INFO ] info - bel.log4j.bug.App.call (null:-1)
11:21:31.126 [DEBUG] debug - bel.log4j.bug.App.call (null:-1)
11:21:31.127 [TRACE] trace - bel.log4j.bug.App.call (null:-1)
11:21:31.127 [TRACE] trace with MARKER - bel.log4j.bug.App.call (null:-1)
11:21:31.127 [INFO ] finished App.main() - bel.log4j.bug.App.call (null:-1)
11:21:32.140 [INFO ] log number 6 - bel.log4j.bug.Starter.call (null:-1)
11:21:32.142 [WARN ] started App.main() - bel.log4j.bug.App.call (null:-1)
11:21:32.143 [FATAL] SomeServiceClassJava.doLogging() - bel.log4j.bug.SomeServiceClassJava.doLogging (SomeServiceClassJava.java:9)
11:21:32.144 [ERROR] SomeServiceClassGroovy.doLogging() - bel.log4j.bug.SomeServiceClassGroovy.call (null:-1)
11:21:32.144 [WARN ] SomeServiceClassGroovy.doLogging() - bel.log4j.bug.SomeServiceClassGroovy.call (null:-1)
11:21:32.144 [INFO ] SomeServiceClassGroovy.doLogging() - bel.log4j.bug.SomeServiceClassGroovy.call (null:-1)
11:21:32.145 [DEBUG] SomeServiceClassGroovy.doLogging() - bel.log4j.bug.SomeServiceClassGroovy.call (null:-1)
11:21:32.145 [FATAL] fatal - bel.log4j.bug.App.call (null:-1)
11:21:32.148 [ERROR] error - bel.log4j.bug.App.call (null:-1)
11:21:32.148 [WARN ] warn - bel.log4j.bug.App.call (null:-1)
11:21:32.150 [INFO ] info - bel.log4j.bug.App.call (null:-1)
11:21:32.152 [DEBUG] debug - bel.log4j.bug.App.call (null:-1)
11:21:32.153 [TRACE] trace - bel.log4j.bug.App.call (null:-1)
11:21:32.153 [TRACE] trace with MARKER - bel.log4j.bug.App.call (null:-1)
11:21:32.153 [INFO ] finished App.main() - bel.log4j.bug.App.call (null:-1)
11:21:33.162 [INFO ] log number 7 - bel.log4j.bug.Starter.call (null:-1)
11:21:33.165 [WARN ] started App.main() - bel.log4j.bug.App.call (null:-1)
11:21:33.165 [FATAL] SomeServiceClassJava.doLogging() - bel.log4j.bug.SomeServiceClassJava.doLogging (SomeServiceClassJava.java:9)
11:21:33.166 [ERROR] SomeServiceClassGroovy.doLogging() - bel.log4j.bug.SomeServiceClassGroovy.call (null:-1)
11:21:33.167 [WARN ] SomeServiceClassGroovy.doLogging() - bel.log4j.bug.SomeServiceClassGroovy.call (null:-1)
11:21:33.167 [INFO ] SomeServiceClassGroovy.doLogging() - bel.log4j.bug.SomeServiceClassGroovy.call (null:-1)
11:21:33.168 [DEBUG] SomeServiceClassGroovy.doLogging() - bel.log4j.bug.SomeServiceClassGroovy.call (null:-1)
11:21:33.168 [FATAL] fatal - bel.log4j.bug.App.call (null:-1)
11:21:33.169 [ERROR] error - bel.log4j.bug.App.call (null:-1)
11:21:33.169 [WARN ] warn - bel.log4j.bug.App.call (null:-1)
11:21:33.173 [INFO ] info - bel.log4j.bug.App.call (null:-1)
11:21:33.173 [DEBUG] debug - bel.log4j.bug.App.call (null:-1)
11:21:33.173 [TRACE] trace - bel.log4j.bug.App.call (null:-1)
11:21:33.173 [TRACE] trace with MARKER - bel.log4j.bug.App.call (null:-1)
11:21:33.173 [INFO ] finished App.main() - bel.log4j.bug.App.call (null:-1)
11:21:34.183 [INFO ] log number 8 - bel.log4j.bug.Starter.call (null:-1)
11:21:34.187 [WARN ] started App.main() - bel.log4j.bug.App.call (null:-1)
11:21:34.188 [FATAL] SomeServiceClassJava.doLogging() - bel.log4j.bug.SomeServiceClassJava.doLogging (SomeServiceClassJava.java:9)
11:21:34.188 [ERROR] SomeServiceClassGroovy.doLogging() - bel.log4j.bug.SomeServiceClassGroovy.call (null:-1)
11:21:34.188 [WARN ] SomeServiceClassGroovy.doLogging() - bel.log4j.bug.SomeServiceClassGroovy.call (null:-1)
11:21:34.189 [INFO ] SomeServiceClassGroovy.doLogging() - bel.log4j.bug.SomeServiceClassGroovy.call (null:-1)
11:21:34.190 [DEBUG] SomeServiceClassGroovy.doLogging() - bel.log4j.bug.SomeServiceClassGroovy.call (null:-1)
11:21:34.190 [FATAL] fatal - bel.log4j.bug.App.call (null:-1)
11:21:34.190 [ERROR] error - bel.log4j.bug.App.call (null:-1)
11:21:34.191 [WARN ] warn - bel.log4j.bug.App.call (null:-1)
11:21:34.191 [INFO ] info - bel.log4j.bug.App.call (null:-1)
11:21:34.191 [DEBUG] debug - bel.log4j.bug.App.call (null:-1)
11:21:34.191 [TRACE] trace - bel.log4j.bug.App.call (null:-1)
11:21:34.191 [TRACE] trace with MARKER - bel.log4j.bug.App.call (null:-1)
11:21:34.193 [INFO ] finished App.main() - bel.log4j.bug.App.call (null:-1)
11:21:35.200 [INFO ] log number 9 - bel.log4j.bug.Starter.call (null:-1)
11:21:35.203 [WARN ] started App.main() - bel.log4j.bug.App.call (null:-1)
11:21:35.203 [FATAL] SomeServiceClassJava.doLogging() - bel.log4j.bug.SomeServiceClassJava.doLogging (SomeServiceClassJava.java:9)
11:21:35.204 [ERROR] SomeServiceClassGroovy.doLogging() - bel.log4j.bug.SomeServiceClassGroovy.call (null:-1)
11:21:35.206 [WARN ] SomeServiceClassGroovy.doLogging() - bel.log4j.bug.SomeServiceClassGroovy.call (null:-1)
11:21:35.207 [INFO ] SomeServiceClassGroovy.doLogging() - bel.log4j.bug.SomeServiceClassGroovy.call (null:-1)
11:21:35.207 [DEBUG] SomeServiceClassGroovy.doLogging() - bel.log4j.bug.SomeServiceClassGroovy.call (null:-1)
11:21:35.208 [FATAL] fatal - bel.log4j.bug.App.call (null:-1)
11:21:35.208 [ERROR] error - bel.log4j.bug.App.call (null:-1)
11:21:35.209 [WARN ] warn - bel.log4j.bug.App.call (null:-1)
11:21:35.209 [INFO ] info - bel.log4j.bug.App.call (null:-1)
11:21:35.211 [DEBUG] debug - bel.log4j.bug.App.call (null:-1)
11:21:35.211 [TRACE] trace - bel.log4j.bug.App.call (null:-1)
11:21:35.212 [TRACE] trace with MARKER - bel.log4j.bug.App.call (null:-1)
11:21:35.213 [INFO ] finished App.main() - bel.log4j.bug.App.call (null:-1)
11:21:36.221 [INFO ] log number 10 - bel.log4j.bug.Starter.call (null:-1)
11:21:36.223 [WARN ] started App.main() - bel.log4j.bug.App.call (null:-1)
11:21:36.224 [FATAL] SomeServiceClassJava.doLogging() - bel.log4j.bug.SomeServiceClassJava.doLogging (SomeServiceClassJava.java:9)
11:21:36.225 [ERROR] SomeServiceClassGroovy.doLogging() - bel.log4j.bug.SomeServiceClassGroovy.call (null:-1)
11:21:36.225 [WARN ] SomeServiceClassGroovy.doLogging() - bel.log4j.bug.SomeServiceClassGroovy.call (null:-1)
11:21:36.227 [INFO ] SomeServiceClassGroovy.doLogging() - bel.log4j.bug.SomeServiceClassGroovy.call (null:-1)
11:21:36.227 [DEBUG] SomeServiceClassGroovy.doLogging() - bel.log4j.bug.SomeServiceClassGroovy.call (null:-1)
11:21:36.228 [FATAL] fatal - bel.log4j.bug.App.call (null:-1)
11:21:36.228 [ERROR] error - bel.log4j.bug.App.call (null:-1)
11:21:36.228 [WARN ] warn - bel.log4j.bug.App.call (null:-1)
11:21:36.230 [INFO ] info - bel.log4j.bug.App.call (null:-1)
11:21:36.232 [DEBUG] debug - bel.log4j.bug.App.call (null:-1)
11:21:36.232 [TRACE] trace - bel.log4j.bug.App.call (null:-1)
11:21:36.233 [TRACE] trace with MARKER - bel.log4j.bug.App.call (null:-1)
11:21:36.234 [INFO ] finished App.main() - bel.log4j.bug.App.call (null:-1)
11:21:37.240 [INFO ] log number 11 - bel.log4j.bug.Starter.call (null:-1)
11:21:37.242 [WARN ] started App.main() - bel.log4j.bug.App.call (null:-1)
11:21:37.242 [FATAL] SomeServiceClassJava.doLogging() - bel.log4j.bug.SomeServiceClassJava.doLogging (SomeServiceClassJava.java:9)
11:21:37.242 [ERROR] SomeServiceClassGroovy.doLogging() - bel.log4j.bug.SomeServiceClassGroovy.call (null:-1)
11:21:37.243 [WARN ] SomeServiceClassGroovy.doLogging() - bel.log4j.bug.SomeServiceClassGroovy.call (null:-1)
11:21:37.243 [INFO ] SomeServiceClassGroovy.doLogging() - bel.log4j.bug.SomeServiceClassGroovy.call (null:-1)
11:21:37.243 [DEBUG] SomeServiceClassGroovy.doLogging() - bel.log4j.bug.SomeServiceClassGroovy.call (null:-1)
11:21:37.244 [FATAL] fatal - bel.log4j.bug.App.call (null:-1)
11:21:37.244 [ERROR] error - bel.log4j.bug.App.call (null:-1)
11:21:37.244 [WARN ] warn - bel.log4j.bug.App.call (null:-1)
11:21:37.244 [INFO ] info - bel.log4j.bug.App.call (null:-1)
11:21:37.245 [DEBUG] debug - bel.log4j.bug.App.call (null:-1)
11:21:37.245 [TRACE] trace - bel.log4j.bug.App.call (null:-1)
11:21:37.245 [TRACE] trace with MARKER - bel.log4j.bug.App.call (null:-1)
11:21:37.246 [INFO ] finished App.main() - bel.log4j.bug.App.call (null:-1)
11:21:38.250 [INFO ] log number 12 - bel.log4j.bug.Starter.call (null:-1)
11:21:38.251 [WARN ] started App.main() - bel.log4j.bug.App.call (null:-1)
11:21:38.251 [FATAL] SomeServiceClassJava.doLogging() - bel.log4j.bug.SomeServiceClassJava.doLogging (SomeServiceClassJava.java:9)
11:21:38.251 [ERROR] SomeServiceClassGroovy.doLogging() - bel.log4j.bug.SomeServiceClassGroovy.call (null:-1)
11:21:38.251 [WARN ] SomeServiceClassGroovy.doLogging() - bel.log4j.bug.SomeServiceClassGroovy.call (null:-1)
11:21:38.251 [INFO ] SomeServiceClassGroovy.doLogging() - bel.log4j.bug.SomeServiceClassGroovy.call (null:-1)
11:21:38.251 [DEBUG] SomeServiceClassGroovy.doLogging() - bel.log4j.bug.SomeServiceClassGroovy.call (null:-1)
11:21:38.251 [FATAL] fatal - bel.log4j.bug.App.call (null:-1)
11:21:38.251 [ERROR] error - bel.log4j.bug.App.call (null:-1)
11:21:38.252 [WARN ] warn - bel.log4j.bug.App.call (null:-1)
11:21:38.252 [INFO ] info - bel.log4j.bug.App.call (null:-1)
11:21:38.252 [DEBUG] debug - bel.log4j.bug.App.call (null:-1)
11:21:38.255 [TRACE] trace - bel.log4j.bug.App.call (null:-1)
11:21:38.256 [TRACE] trace with MARKER - bel.log4j.bug.App.call (null:-1)
11:21:38.256 [INFO ] finished App.main() - bel.log4j.bug.App.call (null:-1)
11:21:39.263 [INFO ] log number 13 - bel.log4j.bug.Starter.call (null:-1)
11:21:39.264 [WARN ] started App.main() - bel.log4j.bug.App.call (null:-1)
11:21:39.264 [FATAL] SomeServiceClassJava.doLogging() - bel.log4j.bug.SomeServiceClassJava.doLogging (SomeServiceClassJava.java:9)
11:21:39.265 [ERROR] SomeServiceClassGroovy.doLogging() - bel.log4j.bug.SomeServiceClassGroovy.call (null:-1)
11:21:39.265 [WARN ] SomeServiceClassGroovy.doLogging() - bel.log4j.bug.SomeServiceClassGroovy.call (null:-1)
11:21:39.265 [INFO ] SomeServiceClassGroovy.doLogging() - bel.log4j.bug.SomeServiceClassGroovy.call (null:-1)
11:21:39.265 [DEBUG] SomeServiceClassGroovy.doLogging() - bel.log4j.bug.SomeServiceClassGroovy.call (null:-1)
11:21:39.265 [FATAL] fatal - bel.log4j.bug.App.call (null:-1)
11:21:39.265 [ERROR] error - bel.log4j.bug.App.call (null:-1)
11:21:39.266 [WARN ] warn - bel.log4j.bug.App.call (null:-1)
11:21:39.268 [INFO ] info - bel.log4j.bug.App.call (null:-1)
11:21:39.268 [DEBUG] debug - bel.log4j.bug.App.call (null:-1)
11:21:39.268 [TRACE] trace - bel.log4j.bug.App.call (null:-1)
11:21:39.269 [TRACE] trace with MARKER - bel.log4j.bug.App.call (null:-1)
11:21:39.269 [INFO ] finished App.main() - bel.log4j.bug.App.call (null:-1)
